<?xml version="1.0" encoding="UTF-8"?>
<testsuite xmlns:xsi="http://www.w3.org/2001/XMLSchema-instance" xsi:noNamespaceSchemaLocation="https://maven.apache.org/surefire/maven-surefire-plugin/xsd/surefire-test-report.xsd" name="annaBrundin.BasicCalculatorTest" time="0.14" tests="20" errors="0" skipped="0" failures="0">
  <properties>
[...]
</properties>
  <testcase name="subtractionPositive" classname="annaBrundin.BasicCalculatorTest" time="0.034"/>
  <testcase name="subtractionNegative" classname="annaBrundin.BasicCalculatorTest" time="0.009"/>
  <testcase name="subtraction" classname="annaBrundin.BasicCalculatorTest" time="0.014"/>
  <testcase name="multiplicationZeroValue1" classname="annaBrundin.BasicCalculatorTest" time="0.004"/>
  <testcase name="multiplicationZeroValue2" classname="annaBrundin.BasicCalculatorTest" time="0.004"/>
  <testcase name="additionZeroValue1" classname="annaBrundin.BasicCalculatorTest" time="0"/>
  <testcase name="additionZeroValue2" classname="annaBrundin.BasicCalculatorTest" time="0"/>
  <testcase name="addition" classname="annaBrundin.BasicCalculatorTest" time="0"/>
  <testcase name="multiplicationPositive" classname="annaBrundin.BasicCalculatorTest" time="0.004"/>
  <testcase name="additionPositive" classname="annaBrundin.BasicCalculatorTest" time="0.003"/>
  <testcase name="multiplicationNegative" classname="annaBrundin.BasicCalculatorTest" time="0.004"/>
  <testcase name="additionNegative" classname="annaBrundin.BasicCalculatorTest" time="0.005"/>
  <testcase name="division" classname="annaBrundin.BasicCalculatorTest" time="0.006"/>
  <testcase name="subtractionZeroValue1" classname="annaBrundin.BasicCalculatorTest" time="0.005"/>
  <testcase name="subtractionZeroValue2" classname="annaBrundin.BasicCalculatorTest" time="0.007"/>
  <testcase name="multiplication" classname="annaBrundin.BasicCalculatorTest" time="0.004"/>
  <testcase name="divisionPositive" classname="annaBrundin.BasicCalculatorTest" time="0.003"/>
  <testcase name="divisionNegative" classname="annaBrundin.BasicCalculatorTest" time="0.003"/>
  <testcase name="divisionZeroValue1" classname="annaBrundin.BasicCalculatorTest" time="0.002"/>
  <testcase name="divisionZeroValue2" classname="annaBrundin.BasicCalculatorTest" time="0.002"/>
</testsuite>