<?xml version="1.0" encoding="UTF-8"?>
<!-- Generated by org.testng.reporters.JUnitXMLReporter -->
<testsuite hostname="ARTEMIS" failures="0" tests="45" name="Surefire test" time="0.259" errors="0" timestamp="1 Apr 2021 12:56:08 GMT">
  <testcase classname="annaBrundin.BasicCalculatorTest" name="subtractionPositive on subtractionPositive(annaBrundin.BasicCalculatorTest)" time="0.019"/>
  <testcase classname="annaBrundin.BasicCalculatorTest" name="subtractionNegative on subtractionNegative(annaBrundin.BasicCalculatorTest)" time="0.003"/>
  <testcase classname="annaBrundin.BasicCalculatorTest" name="subtraction on subtraction(annaBrundin.BasicCalculatorTest)" time="0.003"/>
  <testcase classname="annaBrundin.BasicCalculatorTest" name="multiplicationZeroValue1 on multiplicationZeroValue1(annaBrundin.BasicCalculatorTest)" time="0.003"/>
  <testcase classname="annaBrundin.BasicCalculatorTest" name="multiplicationZeroValue2 on multiplicationZeroValue2(annaBrundin.BasicCalculatorTest)" time="0.002"/>
  <testcase classname="annaBrundin.BasicCalculatorTest" name="additionZeroValue1 on additionZeroValue1(annaBrundin.BasicCalculatorTest)" time="0.003"/>
  <testcase classname="annaBrundin.BasicCalculatorTest" name="additionZeroValue2 on additionZeroValue2(annaBrundin.BasicCalculatorTest)" time="0.001"/>
  <testcase classname="annaBrundin.BasicCalculatorTest" name="addition on addition(annaBrundin.BasicCalculatorTest)" time="0.0"/>
  <testcase classname="annaBrundin.BasicCalculatorTest" name="multiplicationPositive on multiplicationPositive(annaBrundin.BasicCalculatorTest)" time="0.003"/>
  <testcase classname="annaBrundin.BasicCalculatorTest" name="additionPositive on additionPositive(annaBrundin.BasicCalculatorTest)" time="0.004"/>
  <testcase classname="annaBrundin.BasicCalculatorTest" name="multiplicationNegative on multiplicationNegative(annaBrundin.BasicCalculatorTest)" time="0.001"/>
  <testcase classname="annaBrundin.BasicCalculatorTest" name="additionNegative on additionNegative(annaBrundin.BasicCalculatorTest)" time="0.001"/>
  <testcase classname="annaBrundin.BasicCalculatorTest" name="division on division(annaBrundin.BasicCalculatorTest)" time="0.004"/>
  <testcase classname="annaBrundin.BasicCalculatorTest" name="subtractionZeroValue1 on subtractionZeroValue1(annaBrundin.BasicCalculatorTest)" time="0.001"/>
  <testcase classname="annaBrundin.BasicCalculatorTest" name="subtractionZeroValue2 on subtractionZeroValue2(annaBrundin.BasicCalculatorTest)" time="0.001"/>
  <testcase classname="annaBrundin.BasicCalculatorTest" name="multiplication on multiplication(annaBrundin.BasicCalculatorTest)" time="0.001"/>
  <testcase classname="annaBrundin.BasicCalculatorTest" name="divisionPositive on divisionPositive(annaBrundin.BasicCalculatorTest)" time="0.001"/>
  <testcase classname="annaBrundin.BasicCalculatorTest" name="divisionNegative on divisionNegative(annaBrundin.BasicCalculatorTest)" time="0.0"/>
  <testcase classname="annaBrundin.BasicCalculatorTest" name="divisionZeroValue1 on divisionZeroValue1(annaBrundin.BasicCalculatorTest)" time="0.002"/>
  <testcase classname="annaBrundin.BasicCalculatorTest" name="divisionZeroValue2 on divisionZeroValue2(annaBrundin.BasicCalculatorTest)" time="0.001"/>
  <testcase classname="annaBrundin.AdvancedCalculatorTest" name="percentageNegativePercent on percentageNegativePercent(annaBrundin.AdvancedCalculatorTest)" time="0.002"/>
  <testcase classname="annaBrundin.AdvancedCalculatorTest" name="remainderNegativeDividend on remainderNegativeDividend(annaBrundin.AdvancedCalculatorTest)" time="0.02"/>
  <testcase classname="annaBrundin.AdvancedCalculatorTest" name="negativeExponentiationZeroExponent on negativeExponentiationZeroExponent(annaBrundin.AdvancedCalculatorTest)" time="0.0"/>
  <testcase classname="annaBrundin.AdvancedCalculatorTest" name="percentageZeroPercentage on percentageZeroPercentage(annaBrundin.AdvancedCalculatorTest)" time="0.004"/>
  <testcase classname="annaBrundin.AdvancedCalculatorTest" name="remainderPositive on remainderPositive(annaBrundin.AdvancedCalculatorTest)" time="0.005"/>
  <testcase classname="annaBrundin.AdvancedCalculatorTest" name="percentageNegativeValue on percentageNegativeValue(annaBrundin.AdvancedCalculatorTest)" time="0.004"/>
  <testcase classname="annaBrundin.AdvancedCalculatorTest" name="negativeExponentiationZeroBase on negativeExponentiationZeroBase(annaBrundin.AdvancedCalculatorTest)" time="0.0"/>
  <testcase classname="annaBrundin.AdvancedCalculatorTest" name="percentage on percentage(annaBrundin.AdvancedCalculatorTest)" time="0.001"/>
  <testcase classname="annaBrundin.AdvancedCalculatorTest" name="negativeExponentiation on negativeExponentiation(annaBrundin.AdvancedCalculatorTest)" time="0.001"/>
  <testcase classname="annaBrundin.AdvancedCalculatorTest" name="percentageZeroValue on percentageZeroValue(annaBrundin.AdvancedCalculatorTest)" time="0.002"/>
  <testcase classname="annaBrundin.AdvancedCalculatorTest" name="remainderZeroDivisor on remainderZeroDivisor(annaBrundin.AdvancedCalculatorTest)" time="0.001"/>
  <testcase classname="annaBrundin.AdvancedCalculatorTest" name="squareRootZeroValue on squareRootZeroValue(annaBrundin.AdvancedCalculatorTest)" time="0.001"/>
  <testcase classname="annaBrundin.AdvancedCalculatorTest" name="absoluteValueOf on absoluteValueOf(annaBrundin.AdvancedCalculatorTest)" time="0.0"/>
  <testcase classname="annaBrundin.AdvancedCalculatorTest" name="positiveExponentiationZeroExponent on positiveExponentiationZeroExponent(annaBrundin.AdvancedCalculatorTest)" time="0.0"/>
  <testcase classname="annaBrundin.AdvancedCalculatorTest" name="remainderZeroDividend on remainderZeroDividend(annaBrundin.AdvancedCalculatorTest)" time="0.006"/>
  <testcase classname="annaBrundin.AdvancedCalculatorTest" name="remainderNegativeDivisor on remainderNegativeDivisor(annaBrundin.AdvancedCalculatorTest)" time="0.005"/>
  <testcase classname="annaBrundin.AdvancedCalculatorTest" name="squarePositive on squarePositive(annaBrundin.AdvancedCalculatorTest)" time="0.002"/>
  <testcase classname="annaBrundin.AdvancedCalculatorTest" name="squareNegative on squareNegative(annaBrundin.AdvancedCalculatorTest)" time="0.001"/>
  <testcase classname="annaBrundin.AdvancedCalculatorTest" name="remainder on remainder(annaBrundin.AdvancedCalculatorTest)" time="0.008"/>
  <testcase classname="annaBrundin.AdvancedCalculatorTest" name="positiveExponentiationNegativeExponent on positiveExponentiationNegativeExponent(annaBrundin.AdvancedCalculatorTest)" time="0.0"/>
  <testcase classname="annaBrundin.AdvancedCalculatorTest" name="positiveExponentiationZeroBase on positiveExponentiationZeroBase(annaBrundin.AdvancedCalculatorTest)" time="0.0"/>
  <testcase classname="annaBrundin.AdvancedCalculatorTest" name="negativeExponentiationPositiveExponent on negativeExponentiationPositiveExponent(annaBrundin.AdvancedCalculatorTest)" time="0.0"/>
  <testcase classname="annaBrundin.AdvancedCalculatorTest" name="remainderDoubleValue on remainderDoubleValue(annaBrundin.AdvancedCalculatorTest)" time="0.002"/>
  <testcase classname="annaBrundin.AdvancedCalculatorTest" name="squareRoot on squareRoot(annaBrundin.AdvancedCalculatorTest)" time="0.0"/>
  <testcase classname="annaBrundin.AdvancedCalculatorTest" name="percentagePositive on percentagePositive(annaBrundin.AdvancedCalculatorTest)" time="0.001"/>
</testsuite> <!-- Surefire test -->
