<?xml version="1.0" encoding="UTF-8"?>
<!-- Generated by org.testng.reporters.JUnitXMLReporter -->
<testsuite hostname="ARTEMIS" failures="0" tests="26" name="Surefire test" time="0.202" errors="0" timestamp="30 Mar 2021 23:31:18 GMT">
  <testcase classname="annaBrundin.AdvancedCalculatorTest" name="percentageNegativePercent on percentageNegativePercent(annaBrundin.AdvancedCalculatorTest)" time="0.032"/>
  <testcase classname="annaBrundin.AdvancedCalculatorTest" name="remainderNegativeDividend on remainderNegativeDividend(annaBrundin.AdvancedCalculatorTest)" time="0.006"/>
  <testcase classname="annaBrundin.AdvancedCalculatorTest" name="negativeExponentiationZeroExponent on negativeExponentiationZeroExponent(annaBrundin.AdvancedCalculatorTest)" time="0.004"/>
  <testcase classname="annaBrundin.AdvancedCalculatorTest" name="percentageZeroPercentage on percentageZeroPercentage(annaBrundin.AdvancedCalculatorTest)" time="0.026"/>
  <testcase classname="annaBrundin.AdvancedCalculatorTest" name="remainderPositive on remainderPositive(annaBrundin.AdvancedCalculatorTest)" time="0.001"/>
  <testcase classname="annaBrundin.AdvancedCalculatorTest" name="percentageNegativeValue on percentageNegativeValue(annaBrundin.AdvancedCalculatorTest)" time="0.001"/>
  <testcase classname="annaBrundin.AdvancedCalculatorTest" name="negativeExponentiationZeroBase on negativeExponentiationZeroBase(annaBrundin.AdvancedCalculatorTest)" time="0.001"/>
  <testcase classname="annaBrundin.AdvancedCalculatorTest" name="positiveExponentiation on positiveExponentiation(annaBrundin.AdvancedCalculatorTest)" time="0.0"/>
  <testcase classname="annaBrundin.AdvancedCalculatorTest" name="percentage on percentage(annaBrundin.AdvancedCalculatorTest)" time="0.0"/>
  <testcase classname="annaBrundin.AdvancedCalculatorTest" name="negativeExponentiation on negativeExponentiation(annaBrundin.AdvancedCalculatorTest)" time="0.0"/>
  <testcase classname="annaBrundin.AdvancedCalculatorTest" name="percentageZeroValue on percentageZeroValue(annaBrundin.AdvancedCalculatorTest)" time="0.001"/>
  <testcase classname="annaBrundin.AdvancedCalculatorTest" name="remainderZeroDivisor on remainderZeroDivisor(annaBrundin.AdvancedCalculatorTest)" time="0.001"/>
  <testcase classname="annaBrundin.AdvancedCalculatorTest" name="squareRootZeroValue on squareRootZeroValue(annaBrundin.AdvancedCalculatorTest)" time="0.001"/>
  <testcase classname="annaBrundin.AdvancedCalculatorTest" name="absoluteValueOf on absoluteValueOf(annaBrundin.AdvancedCalculatorTest)" time="0.0"/>
  <testcase classname="annaBrundin.AdvancedCalculatorTest" name="positiveExponentiationZeroExponent on positiveExponentiationZeroExponent(annaBrundin.AdvancedCalculatorTest)" time="0.002"/>
  <testcase classname="annaBrundin.AdvancedCalculatorTest" name="remainderZeroDividend on remainderZeroDividend(annaBrundin.AdvancedCalculatorTest)" time="0.0"/>
  <testcase classname="annaBrundin.AdvancedCalculatorTest" name="remainderNegativeDivisor on remainderNegativeDivisor(annaBrundin.AdvancedCalculatorTest)" time="0.003"/>
  <testcase classname="annaBrundin.AdvancedCalculatorTest" name="squarePositive on squarePositive(annaBrundin.AdvancedCalculatorTest)" time="0.001"/>
  <testcase classname="annaBrundin.AdvancedCalculatorTest" name="squareNegative on squareNegative(annaBrundin.AdvancedCalculatorTest)" time="0.001"/>
  <testcase classname="annaBrundin.AdvancedCalculatorTest" name="remainder on remainder(annaBrundin.AdvancedCalculatorTest)" time="0.001"/>
  <testcase classname="annaBrundin.AdvancedCalculatorTest" name="positiveExponentiationNegativeExponent on positiveExponentiationNegativeExponent(annaBrundin.AdvancedCalculatorTest)" time="0.001"/>
  <testcase classname="annaBrundin.AdvancedCalculatorTest" name="positiveExponentiationZeroBase on positiveExponentiationZeroBase(annaBrundin.AdvancedCalculatorTest)" time="0.0"/>
  <testcase classname="annaBrundin.AdvancedCalculatorTest" name="negativeExponentiationPositiveExponent on negativeExponentiationPositiveExponent(annaBrundin.AdvancedCalculatorTest)" time="0.001"/>
  <testcase classname="annaBrundin.AdvancedCalculatorTest" name="remainderDoubleValue on remainderDoubleValue(annaBrundin.AdvancedCalculatorTest)" time="0.005"/>
  <testcase classname="annaBrundin.AdvancedCalculatorTest" name="squareRoot on squareRoot(annaBrundin.AdvancedCalculatorTest)" time="0.0"/>
  <testcase classname="annaBrundin.AdvancedCalculatorTest" name="percentagePositive on percentagePositive(annaBrundin.AdvancedCalculatorTest)" time="0.002"/>
</testsuite> <!-- Surefire test -->
