<?xml version="1.0" encoding="UTF-8"?>
<testsuite name="annaBrundin.AdvancedCalculatorTest" time="0.003" tests="5" errors="0" skipped="0" failures="0">
  <properties>
[...]
</properties>
  <testcase name="exponentiation on exponentiation(annaBrundin.AdvancedCalculatorTest)" classname="annaBrundin.AdvancedCalculatorTest" time="0.002"/>
  <testcase name="percentage on percentage(annaBrundin.AdvancedCalculatorTest)" classname="annaBrundin.AdvancedCalculatorTest" time="0"/>
  <testcase name="absoluteValueOf on absoluteValueOf(annaBrundin.AdvancedCalculatorTest)" classname="annaBrundin.AdvancedCalculatorTest" time="0"/>
  <testcase name="remainder on remainder(annaBrundin.AdvancedCalculatorTest)" classname="annaBrundin.AdvancedCalculatorTest" time="0"/>
  <testcase name="squareRoot on squareRoot(annaBrundin.AdvancedCalculatorTest)" classname="annaBrundin.AdvancedCalculatorTest" time="0.001"/>
</testsuite>