<?xml version="1.0" encoding="UTF-8"?>
<testng-results total="20" passed="20" failed="0" skipped="0">
  <reporter-output>
  </reporter-output>
  <suite started-at="2021-03-30T09:39:38Z" name="Surefire suite" finished-at="2021-03-30T09:39:38Z" duration-ms="170">
    <groups>
    </groups>
    <test started-at="2021-03-30T09:39:38Z" name="Surefire test" finished-at="2021-03-30T09:39:38Z" duration-ms="170">
      <class name="annaBrundin.BasicCalculatorTest">
        <test-method signature="subtractionPositive()[pri:0, instance:subtractionPositive(annaBrundin.BasicCalculatorTest)]" started-at="2021-03-30T11:39:38Z" name="subtractionPositive" finished-at="2021-03-30T11:39:38Z" duration-ms="29" status="PASS">
          <reporter-output>
          </reporter-output>
        </test-method> <!-- subtractionPositive -->
        <test-method signature="subtractionNegative()[pri:0, instance:subtractionNegative(annaBrundin.BasicCalculatorTest)]" started-at="2021-03-30T11:39:38Z" name="subtractionNegative" finished-at="2021-03-30T11:39:38Z" duration-ms="3" status="PASS">
          <reporter-output>
          </reporter-output>
        </test-method> <!-- subtractionNegative -->
        <test-method signature="subtraction()[pri:0, instance:subtraction(annaBrundin.BasicCalculatorTest)]" started-at="2021-03-30T11:39:38Z" name="subtraction" finished-at="2021-03-30T11:39:38Z" duration-ms="3" status="PASS">
          <reporter-output>
          </reporter-output>
        </test-method> <!-- subtraction -->
        <test-method signature="multiplicationZeroValue1()[pri:0, instance:multiplicationZeroValue1(annaBrundin.BasicCalculatorTest)]" started-at="2021-03-30T11:39:38Z" name="multiplicationZeroValue1" finished-at="2021-03-30T11:39:38Z" duration-ms="4" status="PASS">
          <reporter-output>
          </reporter-output>
        </test-method> <!-- multiplicationZeroValue1 -->
        <test-method signature="multiplicationZeroValue2()[pri:0, instance:multiplicationZeroValue2(annaBrundin.BasicCalculatorTest)]" started-at="2021-03-30T11:39:38Z" name="multiplicationZeroValue2" finished-at="2021-03-30T11:39:38Z" duration-ms="5" status="PASS">
          <reporter-output>
          </reporter-output>
        </test-method> <!-- multiplicationZeroValue2 -->
        <test-method signature="additionZeroValue1()[pri:0, instance:additionZeroValue1(annaBrundin.BasicCalculatorTest)]" started-at="2021-03-30T11:39:38Z" name="additionZeroValue1" finished-at="2021-03-30T11:39:38Z" duration-ms="0" status="PASS">
          <reporter-output>
          </reporter-output>
        </test-method> <!-- additionZeroValue1 -->
        <test-method signature="additionZeroValue2()[pri:0, instance:additionZeroValue2(annaBrundin.BasicCalculatorTest)]" started-at="2021-03-30T11:39:38Z" name="additionZeroValue2" finished-at="2021-03-30T11:39:38Z" duration-ms="0" status="PASS">
          <reporter-output>
          </reporter-output>
        </test-method> <!-- additionZeroValue2 -->
        <test-method signature="addition()[pri:0, instance:addition(annaBrundin.BasicCalculatorTest)]" started-at="2021-03-30T11:39:38Z" name="addition" finished-at="2021-03-30T11:39:38Z" duration-ms="1" status="PASS">
          <reporter-output>
          </reporter-output>
        </test-method> <!-- addition -->
        <test-method signature="multiplicationPositive()[pri:0, instance:multiplicationPositive(annaBrundin.BasicCalculatorTest)]" started-at="2021-03-30T11:39:38Z" name="multiplicationPositive" finished-at="2021-03-30T11:39:38Z" duration-ms="2" status="PASS">
          <reporter-output>
          </reporter-output>
        </test-method> <!-- multiplicationPositive -->
        <test-method signature="additionPositive()[pri:0, instance:additionPositive(annaBrundin.BasicCalculatorTest)]" started-at="2021-03-30T11:39:38Z" name="additionPositive" finished-at="2021-03-30T11:39:38Z" duration-ms="2" status="PASS">
          <reporter-output>
          </reporter-output>
        </test-method> <!-- additionPositive -->
        <test-method signature="multiplicationNegative()[pri:0, instance:multiplicationNegative(annaBrundin.BasicCalculatorTest)]" started-at="2021-03-30T11:39:38Z" name="multiplicationNegative" finished-at="2021-03-30T11:39:38Z" duration-ms="1" status="PASS">
          <reporter-output>
          </reporter-output>
        </test-method> <!-- multiplicationNegative -->
        <test-method signature="additionNegative()[pri:0, instance:additionNegative(annaBrundin.BasicCalculatorTest)]" started-at="2021-03-30T11:39:38Z" name="additionNegative" finished-at="2021-03-30T11:39:38Z" duration-ms="1" status="PASS">
          <reporter-output>
          </reporter-output>
        </test-method> <!-- additionNegative -->
        <test-method signature="division()[pri:0, instance:division(annaBrundin.BasicCalculatorTest)]" started-at="2021-03-30T11:39:38Z" name="division" finished-at="2021-03-30T11:39:38Z" duration-ms="3" status="PASS">
          <reporter-output>
          </reporter-output>
        </test-method> <!-- division -->
        <test-method signature="subtractionZeroValue1()[pri:0, instance:subtractionZeroValue1(annaBrundin.BasicCalculatorTest)]" started-at="2021-03-30T11:39:38Z" name="subtractionZeroValue1" finished-at="2021-03-30T11:39:38Z" duration-ms="3" status="PASS">
          <reporter-output>
          </reporter-output>
        </test-method> <!-- subtractionZeroValue1 -->
        <test-method signature="subtractionZeroValue2()[pri:0, instance:subtractionZeroValue2(annaBrundin.BasicCalculatorTest)]" started-at="2021-03-30T11:39:38Z" name="subtractionZeroValue2" finished-at="2021-03-30T11:39:38Z" duration-ms="0" status="PASS">
          <reporter-output>
          </reporter-output>
        </test-method> <!-- subtractionZeroValue2 -->
        <test-method signature="multiplication()[pri:0, instance:multiplication(annaBrundin.BasicCalculatorTest)]" started-at="2021-03-30T11:39:38Z" name="multiplication" finished-at="2021-03-30T11:39:38Z" duration-ms="3" status="PASS">
          <reporter-output>
          </reporter-output>
        </test-method> <!-- multiplication -->
        <test-method signature="divisionPositive()[pri:0, instance:divisionPositive(annaBrundin.BasicCalculatorTest)]" started-at="2021-03-30T11:39:38Z" name="divisionPositive" finished-at="2021-03-30T11:39:38Z" duration-ms="1" status="PASS">
          <reporter-output>
          </reporter-output>
        </test-method> <!-- divisionPositive -->
        <test-method signature="divisionNegative()[pri:0, instance:divisionNegative(annaBrundin.BasicCalculatorTest)]" started-at="2021-03-30T11:39:38Z" name="divisionNegative" finished-at="2021-03-30T11:39:38Z" duration-ms="1" status="PASS">
          <reporter-output>
          </reporter-output>
        </test-method> <!-- divisionNegative -->
        <test-method signature="divisionZeroValue1()[pri:0, instance:divisionZeroValue1(annaBrundin.BasicCalculatorTest)]" started-at="2021-03-30T11:39:38Z" name="divisionZeroValue1" finished-at="2021-03-30T11:39:38Z" duration-ms="5" status="PASS">
          <reporter-output>
          </reporter-output>
        </test-method> <!-- divisionZeroValue1 -->
        <test-method signature="divisionZeroValue2()[pri:0, instance:divisionZeroValue2(annaBrundin.BasicCalculatorTest)]" started-at="2021-03-30T11:39:38Z" name="divisionZeroValue2" finished-at="2021-03-30T11:39:38Z" duration-ms="1" status="PASS">
          <reporter-output>
          </reporter-output>
        </test-method> <!-- divisionZeroValue2 -->
      </class> <!-- annaBrundin.BasicCalculatorTest -->
    </test> <!-- Surefire test -->
  </suite> <!-- Surefire suite -->
</testng-results>
