<?xml version="1.0" encoding="UTF-8"?>
<!-- Generated by org.testng.reporters.JUnitReportReporter -->
<testsuite hostname="ARTEMIS" failures="0" tests="20" name="annaBrundin.BasicCalculatorTest" time="0.054" errors="0" timestamp="1 Apr 2021 12:56:08 GMT">
  <testcase classname="annaBrundin.BasicCalculatorTest" name="divisionNegative" time="0.000"/>
  <testcase classname="annaBrundin.BasicCalculatorTest" name="additionNegative" time="0.001"/>
  <testcase classname="annaBrundin.BasicCalculatorTest" name="divisionZeroValue2" time="0.001"/>
  <testcase classname="annaBrundin.BasicCalculatorTest" name="subtractionPositive" time="0.019"/>
  <testcase classname="annaBrundin.BasicCalculatorTest" name="subtractionZeroValue2" time="0.001"/>
  <testcase classname="annaBrundin.BasicCalculatorTest" name="multiplicationZeroValue2" time="0.002"/>
  <testcase classname="annaBrundin.BasicCalculatorTest" name="divisionZeroValue1" time="0.002"/>
  <testcase classname="annaBrundin.BasicCalculatorTest" name="additionZeroValue1" time="0.003"/>
  <testcase classname="annaBrundin.BasicCalculatorTest" name="subtractionNegative" time="0.003"/>
  <testcase classname="annaBrundin.BasicCalculatorTest" name="subtraction" time="0.003"/>
  <testcase classname="annaBrundin.BasicCalculatorTest" name="subtractionZeroValue1" time="0.001"/>
  <testcase classname="annaBrundin.BasicCalculatorTest" name="addition" time="0.000"/>
  <testcase classname="annaBrundin.BasicCalculatorTest" name="additionPositive" time="0.004"/>
  <testcase classname="annaBrundin.BasicCalculatorTest" name="multiplication" time="0.001"/>
  <testcase classname="annaBrundin.BasicCalculatorTest" name="multiplicationZeroValue1" time="0.003"/>
  <testcase classname="annaBrundin.BasicCalculatorTest" name="division" time="0.004"/>
  <testcase classname="annaBrundin.BasicCalculatorTest" name="additionZeroValue2" time="0.001"/>
  <testcase classname="annaBrundin.BasicCalculatorTest" name="multiplicationNegative" time="0.001"/>
  <testcase classname="annaBrundin.BasicCalculatorTest" name="multiplicationPositive" time="0.003"/>
  <testcase classname="annaBrundin.BasicCalculatorTest" name="divisionPositive" time="0.001"/>
</testsuite> <!-- annaBrundin.BasicCalculatorTest -->
